<?xml version="1.0" encoding="UTF-8"?>
<testng-results ignored="0" total="1" passed="1" failed="0" skipped="0">
  <reporter-output>
  </reporter-output>
  <suite started-at="2023-01-07T19:33:09 EST" name="Default suite" finished-at="2023-01-07T19:33:18 EST" duration-ms="8355">
    <groups>
    </groups>
    <test started-at="2023-01-07T19:33:09 EST" name="Default test" finished-at="2023-01-07T19:33:18 EST" duration-ms="8355">
      <class name="pageObjectModel.RegistrationPageTest">
        <test-method signature="Verifyreg()[pri:0, instance:pageObjectModel.RegistrationPageTest@3e58a80e]" started-at="2023-01-07T19:33:09 EST" name="Verifyreg" finished-at="2023-01-07T19:33:18 EST" duration-ms="8312" status="PASS">
          <reporter-output>
          </reporter-output>
        </test-method> <!-- Verifyreg -->
      </class> <!-- pageObjectModel.RegistrationPageTest -->
    </test> <!-- Default test -->
  </suite> <!-- Default suite -->
</testng-results>
